Dane główne (2024): 2950 meczów
Zaladowano dane historyczne (sample_data/2018.csv): 2787 meczow
Zaladowano dane historyczne (sample_data/2019.csv): 2658 meczow
Zaladowano dane historyczne (sample_data/2020.csv): 1359 meczow
Zaladowano dane historyczne (sample_data/2021.csv): 2608 meczow
Zaladowano dane historyczne (sample_data/2022.csv): 2731 meczow
Zaladowano dane historyczne (sample_data/2023.csv): 2802 meczow
Laczna historia: 14945 meczow
Nawierzchnie:      ['Clay', 'Grass', 'Hard']
Poziomy turniejów: ['250', '500', 'A', 'D', 'F', 'G', 'M', 'O']

=== PODZIAŁ DANYCH (chronologiczny 2024) ===
Trening:    1770 meczów
Walidacja:  590 meczów
Test:       590 meczów

Po symetryzacji:
Walidacja:  1180 próbek (y=1: 590, y=0: 590)
Test:       1180 próbek (y=1: 590, y=0: 590)
Próbki treningowe dla walidacji krzyżowej: 3540
Fitting 5 folds for each of 50 candidates, totalling 250 fits

Najlepsze hiperparametry: {'n_estimators': 100, 'min_samples_split': 20, 'min_samples_leaf': 8, 'max_samples': 0.7, 'max_features': 'log2', 'max_depth': 20, 'bootstrap': True}
Najlepszy wynik CV (chronologiczny): 0.6478
Trening finalnego modelu na 3540 próbkach...

=== WYNIKI NA ZBIORZE WALIDACYJNYM ===
Accuracy: 0.6331

Classification Report:
                 precision    recall  f1-score   support

Gracz 2 wygrywa       0.63      0.63      0.63       590
Gracz 1 wygrywa       0.63      0.63      0.63       590

       accuracy                           0.63      1180
      macro avg       0.63      0.63      0.63      1180
   weighted avg       0.63      0.63      0.63      1180


Macierz pomyłek:
[[374 216]
 [217 373]]

==================================================
=== FINALNE WYNIKI NA ZBIORZE TESTOWYM ===
==================================================
Accuracy: 0.6136

Classification Report:
                 precision    recall  f1-score   support

Gracz 2 wygrywa       0.61      0.62      0.61       590
Gracz 1 wygrywa       0.61      0.61      0.61       590

       accuracy                           0.61      1180
      macro avg       0.61      0.61      0.61      1180
   weighted avg       0.61      0.61      0.61      1180


Macierz pomyłek:
[[364 226]
 [230 360]]

==================================================
=== PRZEWIDYWANIE ZWYCIĘZCÓW MECZÓW ===
==================================================

ACCURACY PRZEWIDYWANIA ZWYCIEZCOW: 0.6102 (61.02%)
Poprawnie przewidziane: 360 / 590 meczow

Przykladowe predykcje (pierwsze 10 meczow):
--------------------------------------------------------------------------------
[ OK ] Nicolas Jarry        vs Lukas Klein         
       Rzeczywisty: Nicolas Jarry             | Przewidziany: Nicolas Jarry            
       P(zwyciezca wygra): 0.580

[ OK ] Alexei Popyrin       vs Tomas Machac        
       Rzeczywisty: Alexei Popyrin            | Przewidziany: Alexei Popyrin           
       P(zwyciezca wygra): 0.601

[ OK ] Taylor Fritz         vs David Goffin        
       Rzeczywisty: Taylor Fritz              | Przewidziany: Taylor Fritz             
       P(zwyciezca wygra): 0.809

[ OK ] Adrian Mannarino     vs Yi Zhou             
       Rzeczywisty: Adrian Mannarino          | Przewidziany: Adrian Mannarino         
       P(zwyciezca wygra): 0.639

[ OK ] Daniil Medvedev      vs Thiago Seyboth Wild 
       Rzeczywisty: Daniil Medvedev           | Przewidziany: Daniil Medvedev          
       P(zwyciezca wygra): 0.827

[ OK ] Joao Fonseca         vs Learner Tien        
       Rzeczywisty: Joao Fonseca              | Przewidziany: Joao Fonseca             
       P(zwyciezca wygra): 0.575

[ OK ] Cameron Norrie       vs Luca Van Assche     
       Rzeczywisty: Cameron Norrie            | Przewidziany: Cameron Norrie           
       P(zwyciezca wygra): 0.596

[ OK ] Jannik Sinner        vs Jiri Lehecka        
       Rzeczywisty: Jannik Sinner             | Przewidziany: Jannik Sinner            
       P(zwyciezca wygra): 0.833

[ OK ] Jiri Lehecka         vs Lukas Klein         
       Rzeczywisty: Jiri Lehecka              | Przewidziany: Jiri Lehecka             
       P(zwyciezca wygra): 0.772

[MISS] Tallon Griekspoor    vs Casper Ruud         
       Rzeczywisty: Tallon Griekspoor         | Przewidziany: Casper Ruud              
       P(zwyciezca wygra): 0.284


=== WAŻNOŚĆ CECH ===
                 feature  importance
36         rank_pts_diff    0.107242
35             rank_diff    0.085012
5        p1_rank_pts_log    0.049186
9            p2_rank_log    0.047161
4            p1_rank_log    0.044084
10       p2_rank_pts_log    0.043008
25      p1_first_won_pct    0.034927
26      p2_first_won_pct    0.032827
27     p1_second_won_pct    0.030068
31  p1_bp_faced_per_game    0.029664
32  p2_bp_faced_per_game    0.028721
28     p2_second_won_pct    0.026431
30        p2_bp_save_pct    0.025182
19           p1_ace_rate    0.025054
33     p1_return_pts_won    0.024890
34     p2_return_pts_won    0.024747
21            p1_df_rate    0.023802
24       p2_first_in_pct    0.023635
6                 p1_age    0.023554
29        p1_bp_save_pct    0.023417
37              age_diff    0.023207
22            p2_df_rate    0.021882
11                p2_age    0.021256
39             form_diff    0.020959
20           p2_ace_rate    0.020250
23       p1_first_in_pct    0.019517
38               ht_diff    0.017550
18       p2_surface_form    0.014467
15               p1_form    0.014122
16               p2_form    0.013500
17       p1_surface_form    0.012820
7                  p1_ht    0.009725
12                 p2_ht    0.009045
3              round_num    0.007433
1          tourney_level    0.007294
14                p1_h2h    0.005099
0                surface    0.004717
8            p1_is_lefty    0.001670
2                best_of    0.001501
13           p2_is_lefty    0.001375

==================================================
=== ANALIZA NAJWIĘKSZYCH BŁĘDÓW ===
==================================================

Top 5 najgorszych predykcji:
Mecz: Tomas Machac vs Carlos Alcaraz
  Rzeczywisty zwyciezca: Tomas Machac
  Przewidziany: Carlos Alcaraz (P(zwyciezca): 0.144)
  Blad: 0.856

Mecz: Benjamin Bonzi vs Casper Ruud
  Rzeczywisty zwyciezca: Benjamin Bonzi
  Przewidziany: Casper Ruud (P(zwyciezca): 0.157)
  Blad: 0.843

Mecz: Adrian Mannarino vs Tommy Paul
  Rzeczywisty zwyciezca: Adrian Mannarino
  Przewidziany: Tommy Paul (P(zwyciezca): 0.159)
  Blad: 0.841

Mecz: Yasutaka Uchiyama vs Holger Rune
  Rzeczywisty zwyciezca: Yasutaka Uchiyama
  Przewidziany: Holger Rune (P(zwyciezca): 0.171)
  Blad: 0.829

Mecz: Yunchaokete Bu vs Andrey Rublev
  Rzeczywisty zwyciezca: Yunchaokete Bu
  Przewidziany: Andrey Rublev (P(zwyciezca): 0.177)
  Blad: 0.823


==================================================
=== PODSUMOWANIE ===
==================================================
Statystyki modelu:
CV Accuracy:         0.6478
Validation Accuracy: 0.6331
Test Accuracy:       0.6136
Match Prediction:    0.6102

Baseline (losowe): 0.5000 (50%)
Mój model:        0.6102 (61.0%)
Przewaga nad losowym zgadywaniem: +11.0 p.p.

======================================================================
=== KALIBRACJA, THRESHOLD TUNING I RELIABILITY DIAGRAM ===
======================================================================
Jakosc kalibracji (test set):
  Raw RF       -> Brier=0.2284, log-loss=0.6464, ECE=0.0403
  Calibrated   -> Brier=0.2284, log-loss=0.6471, ECE=0.0414

Optymalny prog (walidacja): 0.50 -> val match-acc = 0.6322
Match accuracy po kalibracji + threshold tuning (test): 0.6068 (60.68%)
Porownanie: baseline (prog=0.5, raw)=0.6102 | tuned=0.6068 | delta=-0.0034

Reliability table (test, calibrated):
 bin_lower  bin_upper  count  avg_predicted  observed_frequency  calibration_error
       0.0        0.1      0            NaN                 NaN                NaN
       0.1        0.2     26       0.182277            0.076923           0.105354
       0.2        0.3    140       0.257625            0.278571          -0.020946
       0.3        0.4    198       0.354196            0.404040          -0.049844
       0.4        0.5    232       0.451896            0.478448          -0.026552
       0.5        0.6    207       0.549029            0.536232           0.012797
       0.6        0.7    206       0.648728            0.601942           0.046786
       0.7        0.8    143       0.746427            0.671329           0.075098
       0.8        0.9     28       0.816212            0.964286          -0.148074
       0.9        1.0      0            NaN                 NaN                NaN

Reliability diagram pominiety (brak matplotlib).
