[1/4] Licze model: baseline (main_48_cech.py)...
    gotowe: match_accuracy=0.6102, liczba_slice=390
[2/4] Licze model: sliceaware (main_48_cech_sliceaware.py)...
    gotowe: match_accuracy=0.6085, liczba_slice=390
[3/4] Licze model: qfserve_v3 (main_48_cech_sliceaware_qfserve_v3.py)...
    gotowe: match_accuracy=0.6322, liczba_slice=390
[4/4] Licze model: bestof5_v1 (main_48_cech_sliceaware_bestof5_v1.py)...
    gotowe: match_accuracy=0.6339, liczba_slice=390
######################################################################
SLICE COMPARISON: BASELINE VS VARIANTS
######################################################################
Overall match accuracy: baseline=0.6102 | sliceaware=0.6085 (-0.0017) | qfserve_v3=0.6322 (+0.0220) | bestof5_v1=0.6339 (+0.0237)
Excel output: slice_comparison_all_variants.xlsx

Najwazniejsze target slice'y:
                                     slice_definition  support baseline_accuracy sliceaware_accuracy sliceaware_accuracy_delta_vs_baseline qfserve_v3_accuracy qfserve_v3_accuracy_delta_vs_baseline bestof5_v1_accuracy bestof5_v1_accuracy_delta_vs_baseline best_model_by_accuracy
               round=R128 & handedness_matchup=L-vs-R        9             33.3%               44.4%                            +11.1 p.p.               77.8%                            +44.4 p.p.               66.7%                            +33.3 p.p.             qfserve_v3
    handedness_matchup=L-vs-R & form_gap_bucket=>0.40        6             50.0%               50.0%                             +0.0 p.p.               66.7%                            +16.7 p.p.               50.0%                             +0.0 p.p.             qfserve_v3
                    round=QF & rank_gap_bucket=51-100        8             37.5%               37.5%                             +0.0 p.p.               50.0%                            +12.5 p.p.               37.5%                             +0.0 p.p.             qfserve_v3
          tourney_level=M & handedness_matchup=L-vs-R       34             61.8%               64.7%                             +2.9 p.p.               70.6%                             +8.8 p.p.               79.4%                            +17.6 p.p.             bestof5_v1
                        round=QF & age_gap_bucket=3-5       24             37.5%               29.2%                             -8.3 p.p.               45.8%                             +8.3 p.p.               41.7%                             +4.2 p.p.             qfserve_v3
     handedness_matchup=L-vs-R & rank_gap_bucket=>100       26             57.7%               65.4%                             +7.7 p.p.               65.4%                             +7.7 p.p.               57.7%                             +0.0 p.p.             sliceaware
                         tourney_level=250 & round=QF       27             44.4%               33.3%                            -11.1 p.p.               51.8%                             +7.4 p.p.               48.1%                             +3.7 p.p.             qfserve_v3
     handedness_matchup=L-vs-R & rank_gap_bucket=0-10       28             42.9%               46.4%                             +3.6 p.p.               50.0%                             +7.1 p.p.               64.3%                            +21.4 p.p.             bestof5_v1
                     round=QF & rank_gap_bucket=26-50       15             60.0%               53.3%                             -6.7 p.p.               66.7%                             +6.7 p.p.               60.0%                             +0.0 p.p.             qfserve_v3
       handedness_matchup=L-vs-R & age_gap_bucket=6-8       32             43.8%               46.9%                             +3.1 p.p.               50.0%                             +6.2 p.p.               50.0%                             +6.2 p.p.             qfserve_v3
       handedness_matchup=L-vs-R & age_gap_bucket=3-5       51             49.0%               52.9%                             +3.9 p.p.               54.9%                             +5.9 p.p.               58.8%                             +9.8 p.p.             bestof5_v1
        tourney_level=500 & handedness_matchup=L-vs-R       35             60.0%               68.6%                             +8.6 p.p.               65.7%                             +5.7 p.p.               57.1%                             -2.9 p.p.             sliceaware
                 round=QF & form_gap_bucket=0.00-0.10       19             42.1%               31.6%                            -10.5 p.p.               47.4%                             +5.3 p.p.               47.4%                             +5.3 p.p.             qfserve_v3
                 round=QF & form_gap_bucket=0.10-0.25       20             40.0%               35.0%                             -5.0 p.p.               45.0%                             +5.0 p.p.               40.0%                             +0.0 p.p.             qfserve_v3
handedness_matchup=L-vs-R & form_gap_bucket=0.25-0.40       41             58.5%               58.5%                             +0.0 p.p.               63.4%                             +4.9 p.p.               58.5%                             +0.0 p.p.             qfserve_v3
                 round=QF & handedness_matchup=R-vs-R       41             53.7%               46.3%                             -7.3 p.p.               58.5%                             +4.9 p.p.               53.7%                             +0.0 p.p.             qfserve_v3
                round=R32 & handedness_matchup=L-vs-R       43             53.5%               55.8%                             +2.3 p.p.               58.1%                             +4.7 p.p.               67.4%                            +14.0 p.p.             bestof5_v1
          tourney_level=D & handedness_matchup=L-vs-R       24             37.5%               37.5%                             +0.0 p.p.               41.7%                             +4.2 p.p.               37.5%                             +0.0 p.p.             qfserve_v3
        handedness_matchup=L-vs-R & age_gap_bucket=>8       25             64.0%               68.0%                             +4.0 p.p.               68.0%                             +4.0 p.p.               76.0%                            +12.0 p.p.             bestof5_v1
                                 best_of=3 & round=QF       51             52.9%               47.1%                             -5.9 p.p.               56.9%                             +3.9 p.p.               52.9%                             +0.0 p.p.             qfserve_v3
   handedness_matchup=L-vs-R & rank_gap_bucket=51-100       26             42.3%               42.3%                             +0.0 p.p.               46.2%                             +3.9 p.p.               46.2%                             +3.9 p.p.             qfserve_v3
handedness_matchup=L-vs-R & form_gap_bucket=0.00-0.10       53             62.3%               64.1%                             +1.9 p.p.               66.0%                             +3.8 p.p.               67.9%                             +5.7 p.p.             bestof5_v1
                                             round=QF       55             50.9%               45.5%                             -5.5 p.p.               54.5%                             +3.6 p.p.               50.9%                             +0.0 p.p.             qfserve_v3
                              surface=Hard & round=QF       55             50.9%               45.5%                             -5.5 p.p.               54.5%                             +3.6 p.p.               50.9%                             +0.0 p.p.             qfserve_v3
                best_of=3 & handedness_matchup=L-vs-R      141             54.6%               56.7%                             +2.1 p.p.               58.2%                             +3.5 p.p.               61.0%                             +6.4 p.p.             bestof5_v1
             surface=Hard & handedness_matchup=L-vs-R      148             54.7%               56.1%                             +1.4 p.p.               58.1%                             +3.4 p.p.               60.1%                             +5.4 p.p.             bestof5_v1
                            handedness_matchup=L-vs-R      151             53.6%               55.6%                             +2.0 p.p.               57.0%                             +3.3 p.p.               58.9%                             +5.3 p.p.             bestof5_v1
                 round=RR & handedness_matchup=L-vs-R       33             39.4%               39.4%                             +0.0 p.p.               42.4%                             +3.0 p.p.               39.4%                             +0.0 p.p.             qfserve_v3
    handedness_matchup=L-vs-R & rank_gap_bucket=11-25       39             66.7%               64.1%                             -2.6 p.p.               69.2%                             +2.6 p.p.               66.7%                             +0.0 p.p.             qfserve_v3
handedness_matchup=L-vs-R & form_gap_bucket=0.10-0.25       51             41.2%               45.1%                             +3.9 p.p.               41.2%                             +0.0 p.p.               51.0%                             +9.8 p.p.             bestof5_v1
                round=R16 & handedness_matchup=L-vs-R       26             61.5%               73.1%                            +11.5 p.p.               61.5%                             +0.0 p.p.               69.2%                             +7.7 p.p.             sliceaware
                         tourney_level=500 & round=QF       16             62.5%               62.5%                             +0.0 p.p.               62.5%                             +0.0 p.p.               56.2%                             -6.2 p.p.               baseline
                          tourney_level=A & best_of=5       15             46.7%               46.7%                             +0.0 p.p.               46.7%                             +0.0 p.p.               33.3%                            -13.3 p.p.               baseline
                 round=QF & form_gap_bucket=0.25-0.40       15             73.3%               73.3%                             +0.0 p.p.               73.3%                             +0.0 p.p.               66.7%                             -6.7 p.p.               baseline
                 round=QF & handedness_matchup=L-vs-R       13             46.2%               46.2%                             +0.0 p.p.               46.2%                             +0.0 p.p.               46.2%                             +0.0 p.p.               baseline
                      round=QF & rank_gap_bucket=0-10       13             53.8%               46.2%                             -7.7 p.p.               53.8%                             +0.0 p.p.               61.5%                             +7.7 p.p.             bestof5_v1
                        round=QF & age_gap_bucket=6-8       13             61.5%               53.8%                             -7.7 p.p.               61.5%                             +0.0 p.p.               53.8%                             -7.7 p.p.               baseline
                                 best_of=5 & round=RR       12             41.7%               41.7%                             +0.0 p.p.               41.7%                             +0.0 p.p.               41.7%                             +0.0 p.p.               baseline
          tourney_level=A & handedness_matchup=L-vs-R       11             45.5%               45.5%                             +0.0 p.p.               45.5%                             +0.0 p.p.               36.4%                             -9.1 p.p.               baseline
                     round=QF & rank_gap_bucket=11-25       11             45.5%               36.4%                             -9.1 p.p.               45.5%                             +0.0 p.p.               36.4%                             -9.1 p.p.               baseline
                best_of=5 & handedness_matchup=L-vs-R       10             40.0%               40.0%                             +0.0 p.p.               40.0%                             +0.0 p.p.               30.0%                            -10.0 p.p.               baseline
                        round=QF & age_gap_bucket=0-2       10             50.0%               50.0%                             +0.0 p.p.               50.0%                             +0.0 p.p.               50.0%                             +0.0 p.p.               baseline
                round=R64 & handedness_matchup=L-vs-R       10             90.0%               90.0%                             +0.0 p.p.               90.0%                             +0.0 p.p.               90.0%                             +0.0 p.p.               baseline
                best_of=5 & form_gap_bucket=0.00-0.10        9             66.7%               66.7%                             +0.0 p.p.               66.7%                             +0.0 p.p.               55.6%                            -11.1 p.p.               baseline
                best_of=5 & form_gap_bucket=0.25-0.40        8             50.0%               50.0%                             +0.0 p.p.               50.0%                             +0.0 p.p.               37.5%                            -12.5 p.p.               baseline
                      round=QF & rank_gap_bucket=>100        8             50.0%               50.0%                             +0.0 p.p.               50.0%                             +0.0 p.p.               50.0%                             +0.0 p.p.               baseline
                           tourney_level=M & round=QF        8             62.5%               62.5%                             +0.0 p.p.               62.5%                             +0.0 p.p.               62.5%                             +0.0 p.p.               baseline
                    best_of=5 & rank_gap_bucket=11-25        8             75.0%               75.0%                             +0.0 p.p.               75.0%                             +0.0 p.p.               50.0%                            -25.0 p.p.               baseline
                         round=QF & age_gap_bucket=>8        8             75.0%               75.0%                             +0.0 p.p.               75.0%                             +0.0 p.p.               75.0%                             +0.0 p.p.               baseline
                   best_of=5 & rank_gap_bucket=51-100        7             28.6%               28.6%                             +0.0 p.p.               28.6%                             +0.0 p.p.               28.6%                             +0.0 p.p.               baseline
                       best_of=5 & age_gap_bucket=3-5        5             60.0%               60.0%                             +0.0 p.p.               60.0%                             +0.0 p.p.               40.0%                            -20.0 p.p.               baseline
        tourney_level=250 & handedness_matchup=L-vs-R       45             53.3%               51.1%                             -2.2 p.p.               51.1%                             -2.2 p.p.               62.2%                             +8.9 p.p.             bestof5_v1
       handedness_matchup=L-vs-R & age_gap_bucket=0-2       43             60.5%               58.1%                             -2.3 p.p.               58.1%                             -2.3 p.p.               55.8%                             -4.7 p.p.               baseline
    handedness_matchup=L-vs-R & rank_gap_bucket=26-50       32             53.1%               56.2%                             +3.1 p.p.               50.0%                             -3.1 p.p.               56.2%                             +3.1 p.p.             sliceaware
                                            best_of=5       23             52.2%               52.2%                             +0.0 p.p.               47.8%                             -4.3 p.p.               43.5%                             -8.7 p.p.               baseline
                             surface=Hard & best_of=5       23             52.2%               52.2%                             +0.0 p.p.               47.8%                             -4.3 p.p.               43.5%                             -8.7 p.p.               baseline
                       best_of=5 & age_gap_bucket=0-2       16             50.0%               50.0%                             +0.0 p.p.               43.8%                             -6.2 p.p.               43.8%                             -6.2 p.p.               baseline
                best_of=5 & handedness_matchup=R-vs-R       13             61.5%               61.5%                             +0.0 p.p.               53.8%                             -7.7 p.p.               53.8%                             -7.7 p.p.               baseline
                 round=SF & handedness_matchup=L-vs-R        9             66.7%               55.6%                            -11.1 p.p.               55.6%                            -11.1 p.p.               55.6%                            -11.1 p.p.               baseline
                          tourney_level=G & best_of=5        8             62.5%               62.5%                             +0.0 p.p.               50.0%                            -12.5 p.p.               62.5%                             +0.0 p.p.               baseline
                  round=F & handedness_matchup=L-vs-R        8             62.5%               50.0%                            -12.5 p.p.               50.0%                            -12.5 p.p.               37.5%                            -25.0 p.p.               baseline
                best_of=5 & form_gap_bucket=0.10-0.25        6             33.3%               33.3%                             +0.0 p.p.               16.7%                            -16.7 p.p.               33.3%                             +0.0 p.p.               baseline
                     best_of=5 & rank_gap_bucket=0-10        5             60.0%               60.0%                             +0.0 p.p.               40.0%                            -20.0 p.p.               60.0%                             +0.0 p.p.               baseline

Najwieksze zyski accuracy dla sliceaware:
                    slice_definition  support sliceaware_accuracy_delta_vs_baseline
 round=R128 & rank_gap_bucket=51-100        5                            +20.0 p.p.
 surface=Clay & rank_gap_bucket=>100        6                            +16.7 p.p.
tourney_level=D & age_gap_bucket=6-8       20                            +15.0 p.p.
             surface=Clay & round=RR        7                            +14.3 p.p.
            surface=Clay & best_of=3        7                            +14.3 p.p.
                        surface=Clay        7                            +14.3 p.p.
      surface=Clay & tourney_level=D        7                            +14.3 p.p.
      round=R16 & age_gap_bucket=0-2       25                            +12.0 p.p.

Najwieksze spadki accuracy dla sliceaware:
                    slice_definition  support sliceaware_accuracy_delta_vs_baseline
tourney_level=F & age_gap_bucket=0-2        6                            -33.3 p.p.
 round=F & form_gap_bucket=0.10-0.25        6                            -33.3 p.p.
         tourney_level=250 & round=F        7                            -28.6 p.p.
          tourney_level=F & round=RR       12                            -25.0 p.p.
         tourney_level=F & best_of=3       15                            -20.0 p.p.
    round=SF & rank_gap_bucket=26-50        5                            -20.0 p.p.
        round=F & age_gap_bucket=0-2        5                            -20.0 p.p.
                     tourney_level=F       15                            -20.0 p.p.

Najwieksze zyski accuracy dla qfserve_v3:
                                 slice_definition  support qfserve_v3_accuracy_delta_vs_baseline
           round=R128 & handedness_matchup=L-vs-R        9                            +44.4 p.p.
              round=R128 & rank_gap_bucket=51-100        5                            +40.0 p.p.
               round=R128 & rank_gap_bucket=11-25        6                            +33.3 p.p.
         rank_gap_bucket=0-10 & age_gap_bucket=>8        9                            +22.2 p.p.
           round=R128 & form_gap_bucket=0.25-0.40        5                            +20.0 p.p.
        tourney_level=250 & rank_gap_bucket=11-25       27                            +18.5 p.p.
handedness_matchup=L-vs-R & form_gap_bucket=>0.40        6                            +16.7 p.p.
             tourney_level=D & age_gap_bucket=0-2       18                            +16.7 p.p.

Najwieksze spadki accuracy dla qfserve_v3:
                           slice_definition  support qfserve_v3_accuracy_delta_vs_baseline
         round=R128 & rank_gap_bucket=26-50        6                            -33.3 p.p.
       tourney_level=F & age_gap_bucket=0-2        6                            -33.3 p.p.
           round=SF & rank_gap_bucket=26-50        5                            -20.0 p.p.
           best_of=5 & rank_gap_bucket=0-10        5                            -20.0 p.p.
               round=F & age_gap_bucket=0-2        5                            -20.0 p.p.
tourney_level=G & form_gap_bucket=0.10-0.25        5                            -20.0 p.p.
      best_of=5 & form_gap_bucket=0.10-0.25        6                            -16.7 p.p.
tourney_level=G & handedness_matchup=R-vs-R        6                            -16.7 p.p.

Najwieksze zyski accuracy dla bestof5_v1:
                                slice_definition  support bestof5_v1_accuracy_delta_vs_baseline
        rank_gap_bucket=0-10 & age_gap_bucket=>8        9                            +33.3 p.p.
          round=R128 & handedness_matchup=L-vs-R        9                            +33.3 p.p.
          tourney_level=D & rank_gap_bucket=0-10       13                            +23.1 p.p.
          tourney_level=M & rank_gap_bucket=0-10       23                            +21.7 p.p.
                round=R32 & rank_gap_bucket=0-10       23                            +21.7 p.p.
handedness_matchup=L-vs-R & rank_gap_bucket=0-10       28                            +21.4 p.p.
       rank_gap_bucket=0-10 & age_gap_bucket=3-5       30                            +20.0 p.p.
             round=R128 & rank_gap_bucket=51-100        5                            +20.0 p.p.

Najwieksze spadki accuracy dla bestof5_v1:
                       slice_definition  support bestof5_v1_accuracy_delta_vs_baseline
   tourney_level=F & age_gap_bucket=0-2        6                            -50.0 p.p.
           round=F & age_gap_bucket=0-2        5                            -40.0 p.p.
     round=R128 & rank_gap_bucket=26-50        6                            -33.3 p.p.
      best_of=5 & rank_gap_bucket=11-25        8                            -25.0 p.p.
    round=F & handedness_matchup=L-vs-R        8                            -25.0 p.p.
             tourney_level=F & round=RR       12                            -25.0 p.p.
tourney_level=A & rank_gap_bucket=11-25        9                            -22.2 p.p.
                        tourney_level=F       15                            -20.0 p.p.

